<?xml version="1.0" encoding="UTF-8"?>
<!-- Generated by org.testng.reporters.JUnitXMLReporter -->
<testsuite hostname="010223HP840G548" failures="1" tests="1" name="Node1" time="652.612" errors="0" timestamp="10 Apr 2023 07:06:10 GMT">
  <testcase classname="Scripts.DriverScript" name="main" time="652.576">
    <failure type="java.lang.NullPointerException" message="Cannot invoke &amp;quot;Object.toString()&amp;quot; because &amp;quot;Cellvalue&amp;quot; is null">
      <![CDATA[java.lang.NullPointerException: Cannot invoke "Object.toString()" because "Cellvalue" is null
	at Scripts.TestDataImport.GetCellData(TestDataImport.java:175)
	at Scripts.DriverScript.main(DriverScript.java:175)
	at java.base/java.util.concurrent.FutureTask.run(FutureTask.java:264)
	at java.base/java.util.concurrent.ThreadPoolExecutor.runWorker(ThreadPoolExecutor.java:1130)
	at java.base/java.util.concurrent.ThreadPoolExecutor$Worker.run(ThreadPoolExecutor.java:630)
	at java.base/java.lang.Thread.run(Thread.java:832)
... Removed 16 stack frames]]>
    </failure>
  </testcase> <!-- main -->
</testsuite> <!-- Node1 -->
