<?xml version="1.0" encoding="UTF-8"?>
<testng-results total="1" passed="1" failed="0" skipped="0">
  <reporter-output>
  </reporter-output>
  <suite started-at="2023-04-18T07:25:24Z" name="Default suite" finished-at="2023-04-18T07:30:47Z" duration-ms="323502">
    <groups>
    </groups>
    <test started-at="2023-04-18T07:25:24Z" name="Default test" finished-at="2023-04-18T07:30:47Z" duration-ms="323502">
      <class name="Scripts.DriverScript">
        <test-method is-config="true" signature="remote(java.lang.String, java.lang.String, java.lang.String, java.lang.String)[pri:0, instance:Scripts.DriverScript@79e4c792]" started-at="2023-04-18T12:55:24Z" name="remote" finished-at="2023-04-18T12:55:24Z" duration-ms="16" status="PASS">
          <params>
            <param index="0">
              <value>
                <![CDATA[Chrome]]>
              </value>
            </param>
            <param index="1">
              <value>
                <![CDATA[NA]]>
              </value>
            </param>
            <param index="2">
              <value>
                <![CDATA[Log]]>
              </value>
            </param>
            <param index="3">
              <value is-null="true"/>
            </param>
          </params>
          <reporter-output>
          </reporter-output>
        </test-method> <!-- remote -->
        <test-method signature="main()[pri:0, instance:Scripts.DriverScript@79e4c792]" started-at="2023-04-18T12:55:24Z" name="main" finished-at="2023-04-18T13:00:47Z" duration-ms="323467" status="PASS">
          <reporter-output>
          </reporter-output>
        </test-method> <!-- main -->
        <test-method is-config="true" signature="closeApplication()[pri:0, instance:Scripts.DriverScript@79e4c792]" started-at="2023-04-18T13:00:47Z" name="closeApplication" finished-at="2023-04-18T13:00:47Z" duration-ms="1" status="PASS">
          <reporter-output>
          </reporter-output>
        </test-method> <!-- closeApplication -->
      </class> <!-- Scripts.DriverScript -->
    </test> <!-- Default test -->
  </suite> <!-- Default suite -->
</testng-results>
